<?xml version="1.0" encoding="UTF-8"?>
<!-- Generated by org.testng.reporters.JUnitXMLReporter -->
<testsuite ignored="0" hostname="LAPTOP-RCK7UHOB" failures="0" tests="4" name="Default test" time="19.479" errors="0" timestamp="2024-10-20T18:55:57 EET">
  <testcase classname="Testmagento" name="signUp" time="5.312"/>
  <testcase classname="Testmagento" name="Logout" time="4.636"/>
  <testcase classname="Testmagento" name="login" time="0.701"/>
  <testcase classname="Testmagento" name="addItems" time="7.166"/>
</testsuite> <!-- Default test -->
