<?xml version="1.0" encoding="UTF-8"?>
<!-- Generated by org.testng.reporters.JUnitXMLReporter -->
<testsuite ignored="0" hostname="LAPTOP-RCK7UHOB" failures="0" tests="4" name="Default test" time="18.716" errors="0" timestamp="2024-10-22T00:58:03 EET">
  <testcase classname="Testmagento" name="signUp" time="4.682"/>
  <testcase classname="Testmagento" name="Logout" time="4.588"/>
  <testcase classname="Testmagento" name="login" time="0.823"/>
  <testcase classname="Testmagento" name="addItems" time="7.346"/>
</testsuite> <!-- Default test -->
