<?xml version="1.0" encoding="UTF-8"?>
<testng-results ignored="0" total="4" passed="4" failed="0" skipped="0">
  <reporter-output>
  </reporter-output>
  <suite started-at="2024-10-22T00:57:44 EET" name="Default suite" finished-at="2024-10-22T00:58:03 EET" duration-ms="18716">
    <groups>
    </groups>
    <test started-at="2024-10-22T00:57:44 EET" name="Default test" finished-at="2024-10-22T00:58:03 EET" duration-ms="18716">
      <class name="Testmagento">
        <test-method is-config="true" signature="setUp()[pri:0, instance:Testmagento@6d9f7a80]" started-at="2024-10-22T00:57:44 EET" name="setUp" finished-at="2024-10-22T00:57:45 EET" duration-ms="1251" status="PASS">
          <reporter-output>
          </reporter-output>
        </test-method> <!-- setUp -->
        <test-method signature="signUp()[pri:1, instance:Testmagento@6d9f7a80]" started-at="2024-10-22T00:57:45 EET" name="signUp" finished-at="2024-10-22T00:57:50 EET" duration-ms="4682" status="PASS">
          <reporter-output>
          </reporter-output>
        </test-method> <!-- signUp -->
        <test-method signature="Logout()[pri:2, instance:Testmagento@6d9f7a80]" started-at="2024-10-22T00:57:50 EET" name="Logout" finished-at="2024-10-22T00:57:55 EET" duration-ms="4588" status="PASS">
          <reporter-output>
          </reporter-output>
        </test-method> <!-- Logout -->
        <test-method signature="login()[pri:3, instance:Testmagento@6d9f7a80]" started-at="2024-10-22T00:57:55 EET" name="login" finished-at="2024-10-22T00:57:55 EET" duration-ms="823" status="PASS">
          <reporter-output>
          </reporter-output>
        </test-method> <!-- login -->
        <test-method signature="addItems()[pri:4, instance:Testmagento@6d9f7a80]" started-at="2024-10-22T00:57:55 EET" name="addItems" finished-at="2024-10-22T00:58:03 EET" duration-ms="7346" status="PASS">
          <reporter-output>
          </reporter-output>
        </test-method> <!-- addItems -->
      </class> <!-- Testmagento -->
    </test> <!-- Default test -->
  </suite> <!-- Default suite -->
</testng-results>
