<?xml version="1.0" encoding="UTF-8"?>
<testng-results ignored="0" total="4" passed="4" failed="0" skipped="0">
  <reporter-output>
  </reporter-output>
  <suite started-at="2024-10-20T18:55:37 EET" name="Default suite" finished-at="2024-10-20T18:55:57 EET" duration-ms="19479">
    <groups>
    </groups>
    <test started-at="2024-10-20T18:55:37 EET" name="Default test" finished-at="2024-10-20T18:55:57 EET" duration-ms="19479">
      <class name="Testmagento">
        <test-method is-config="true" signature="setUp()[pri:0, instance:Testmagento@6d9f7a80]" started-at="2024-10-20T18:55:37 EET" name="setUp" finished-at="2024-10-20T18:55:39 EET" duration-ms="1636" status="PASS">
          <reporter-output>
          </reporter-output>
        </test-method> <!-- setUp -->
        <test-method signature="signUp()[pri:1, instance:Testmagento@6d9f7a80]" started-at="2024-10-20T18:55:39 EET" name="signUp" finished-at="2024-10-20T18:55:44 EET" duration-ms="5312" status="PASS">
          <reporter-output>
          </reporter-output>
        </test-method> <!-- signUp -->
        <test-method signature="Logout()[pri:2, instance:Testmagento@6d9f7a80]" started-at="2024-10-20T18:55:44 EET" name="Logout" finished-at="2024-10-20T18:55:49 EET" duration-ms="4636" status="PASS">
          <reporter-output>
          </reporter-output>
        </test-method> <!-- Logout -->
        <test-method signature="login()[pri:3, instance:Testmagento@6d9f7a80]" started-at="2024-10-20T18:55:49 EET" name="login" finished-at="2024-10-20T18:55:50 EET" duration-ms="701" status="PASS">
          <reporter-output>
          </reporter-output>
        </test-method> <!-- login -->
        <test-method signature="addItems()[pri:4, instance:Testmagento@6d9f7a80]" started-at="2024-10-20T18:55:50 EET" name="addItems" finished-at="2024-10-20T18:55:57 EET" duration-ms="7166" status="PASS">
          <reporter-output>
          </reporter-output>
        </test-method> <!-- addItems -->
      </class> <!-- Testmagento -->
    </test> <!-- Default test -->
  </suite> <!-- Default suite -->
</testng-results>
